"C:/Users/firei_000/Documents/Unreal Projects/BtoomGit/Btoom.uproject" 1
"../../../Engine/Plugins/2D/Paper2D/Paper2D.uplugin" 2
"../../../Engine/Plugins/Developer/BlankPlugin/BlankPlugin.uplugin" 3
"../../../Engine/Plugins/Developer/GitSourceControl/GitSourceControl.uplugin" 4
"../../../Engine/Plugins/Developer/KDevelopSourceCodeAccess/KDevelopSourceCodeAccess.uplugin" 5
"../../../Engine/Plugins/Developer/PerforceSourceControl/PerforceSourceControl.uplugin" 6
"../../../Engine/Plugins/Developer/SubversionSourceControl/SubversionSourceControl.uplugin" 7
"../../../Engine/Plugins/Developer/UObjectPlugin/UObjectPlugin.uplugin" 8
"../../../Engine/Plugins/Developer/VisualStudioSourceCodeAccess/VisualStudioSourceCodeAccess.uplugin" 9
"../../../Engine/Plugins/Developer/XCodeSourceCodeAccess/XCodeSourceCodeAccess.uplugin" 10
"../../../Engine/Plugins/Editor/EpicSurvey/EpicSurvey.uplugin" 11
"../../../Engine/Plugins/Editor/MacGraphicsSwitching/MacGraphicsSwitching.uplugin" 12
"../../../Engine/Plugins/Editor/PluginsEditor/PluginsEditor.uplugin" 13
"../../../Engine/Plugins/Editor/SpeedTreeImporter/SpeedTreeImporter.uplugin" 14
"../../../Engine/Plugins/Experimental/BlueprintStats/BlueprintStats.uplugin" 15
"../../../Engine/Plugins/Experimental/CharacterAI/CharacterAI.uplugin" 16
"../../../Engine/Plugins/Experimental/CodeView/CodeView.uplugin" 17
"../../../Engine/Plugins/Experimental/LiveEditor/LiveEditor.uplugin" 18
"../../../Engine/Plugins/Experimental/Phya/Phya.uplugin" 19
"../../../Engine/Plugins/Experimental/SimpleHMD/SimpleHMD.uplugin" 20
"../../../Engine/Plugins/Experimental/SteamVR/SteamVR.uplugin" 21
"../../../Engine/Plugins/Media/AndroidMedia/AndroidMedia.uplugin" 22
"../../../Engine/Plugins/Media/AvfMedia/AvfMedia.uplugin" 23
"../../../Engine/Plugins/Media/MediaPlayerEditor/MediaPlayerEditor.uplugin" 24
"../../../Engine/Plugins/Media/WmfMedia/WmfMedia.uplugin" 25
"../../../Engine/Plugins/Messaging/MessagingDebugger/MessagingDebugger.uplugin" 26
"../../../Engine/Plugins/Messaging/ShmMessaging/ShmMessaging.uplugin" 27
"../../../Engine/Plugins/Messaging/UdpMessaging/UdpMessaging.uplugin" 28
"../../../Engine/Plugins/Runtime/Advertising/IOSTapJoy/IOSTapJoy.uplugin" 29
"../../../Engine/Plugins/Runtime/Analytics/AnalyticsBlueprintLibrary/AnalyticsBlueprintLibrary.uplugin" 30
"../../../Engine/Plugins/Runtime/Analytics/Apsalar/IOSApsalar/IOSApsalar.uplugin" 31
"../../../Engine/Plugins/Runtime/Analytics/FileLogging/FileLogging.uplugin" 32
"../../../Engine/Plugins/Runtime/AndroidDeviceProfileSelector/AndroidDeviceProfileSelector.uplugin" 33
"../../../Engine/Plugins/Runtime/AndroidMoviePlayer/AndroidMoviePlayer.uplugin" 34
"../../../Engine/Plugins/Runtime/AppleMoviePlayer/AppleMoviePlayer.uplugin" 35
"../../../Engine/Plugins/Runtime/CableComponent/CableComponent.uplugin" 36
"../../../Engine/Plugins/Runtime/CustomMeshComponent/CustomMeshComponent.uplugin" 37
"../../../Engine/Plugins/Runtime/ExampleDeviceProfileSelector/ExampleDeviceProfileSelector.uplugin" 38
"../../../Engine/Plugins/Runtime/GearVR/GearVR.uplugin" 39
"../../../Engine/Plugins/Runtime/IOSDeviceProfileSelector/IOSDeviceProfileSelector.uplugin" 40
"../../../Engine/Plugins/Runtime/LiveEditorListenServer/LiveEditorListenServer.uplugin" 41
"../../../Engine/Plugins/Runtime/OculusRift/OculusRift.uplugin" 42
"../../../Engine/Plugins/Runtime/SoundMod/SoundMod.uplugin" 43
"../../../Engine/Plugins/Runtime/SoundVisualizations/SoundVisualizations.uplugin" 44
"../../../Engine/Plugins/Runtime/TwitchLiveStreaming/TwitchLiveStreaming.uplugin" 45
"../../../Engine/Plugins/Runtime/WindowsDeviceProfileSelector/WindowsDeviceProfileSelector.uplugin" 46
"../../../Engine/Plugins/Runtime/WindowsMoviePlayer/WindowsMoviePlayer.uplugin" 47
"../../../Engine/Plugins/ScriptGeneratorPlugin/ScriptGeneratorPlugin.uplugin" 48
"../../../Engine/Plugins/ScriptPlugin/ScriptPlugin.uplugin" 49
"../../../Engine/Plugins/Slate/SlateRemote/SlateRemote.uplugin" 50
"..\..\..\Engine\Content\Internationalization\icudt53l\cnvalias.icu" 51
"..\..\..\Engine\Content\Internationalization\icudt53l\en_US_POSIX.res" 52
"..\..\..\Engine\Content\Internationalization\icudt53l\pool.res" 53
"..\..\..\Engine\Content\Internationalization\icudt53l\en_US.res" 54
"..\..\..\Engine\Content\Internationalization\icudt53l\en.res" 55
"..\..\..\Engine\Content\Internationalization\icudt53l\root.res" 56
"..\..\..\Engine\Content\Internationalization\icudt53l\coll\ucadata.icu" 57
"..\..\..\Engine\Content\Internationalization\icudt53l\nfc.nrm" 58
"..\..\..\Engine\Content\Internationalization\icudt53l\coll\en_US_POSIX.res" 59
"..\..\..\Engine\Content\Internationalization\icudt53l\coll\en_US.res" 60
"..\..\..\Engine\Content\Internationalization\icudt53l\coll\en.res" 61
"..\..\..\Engine\Content\Internationalization\icudt53l\coll\root.res" 62
"..\..\..\Engine\Content\Internationalization\icudt53l\numberingSystems.res" 63
"..\..\..\Engine\Content\Internationalization\icudt53l\curr\supplementalData.res" 64
"..\..\..\Engine\Content\Internationalization\icudt53l\curr\pool.res" 65
"..\..\..\Engine\Content\Internationalization\icudt53l\curr\en.res" 66
"..\..\..\Engine\Content\Internationalization\icudt53l\curr\root.res" 67
"..\..\..\Engine\Content\Internationalization\icudt53l\plurals.res" 68
"..\..\..\Engine\Content\Internationalization\icudt53l\windowsZones.res" 69
"..\..\..\Engine\Content\Internationalization\icudt53l\zoneinfo64.res" 70
"..\..\..\Engine\Content\Internationalization\icudt53l\keyTypeData.res" 71
"..\..\..\Engine\Content\Internationalization\icudt53l\timezoneTypes.res" 72
"..\..\..\Engine\Content\Internationalization\icudt53l\supplementalData.res" 73
"..\..\..\Engine\Content\Internationalization\icudt53l\likelySubtags.res" 74
"../../../Engine/Config/Base.ini" 75
"../../../Engine/Config/BaseEngine.ini" 76
"../../../../../../Users/firei_000/Documents/Unreal Projects/BtoomGit/Config/DefaultEngine.ini" 77
"../../../Engine/Config/Windows/WindowsEngine.ini" 78
"C:/Users/firei_000/Documents/Unreal Projects/BtoomGit/Saved/Config/Windows/Engine.ini" 79
"../../../../../../Users/firei_000/Documents/Unreal Projects/BtoomGit/Intermediate/Config/CoalescedSourceConfigs/Engine.ini" 80
"../../../Engine/Config/BaseGame.ini" 81
"../../../../../../Users/firei_000/Documents/Unreal Projects/BtoomGit/Config/DefaultGame.ini" 82
"C:/Users/firei_000/Documents/Unreal Projects/BtoomGit/Saved/Config/Windows/Game.ini" 83
"../../../../../../Users/firei_000/Documents/Unreal Projects/BtoomGit/Intermediate/Config/CoalescedSourceConfigs/Game.ini" 84
"../../../Engine/Config/BaseInput.ini" 85
"../../../../../../Users/firei_000/Documents/Unreal Projects/BtoomGit/Config/DefaultInput.ini" 86
"C:/Users/firei_000/Documents/Unreal Projects/BtoomGit/Saved/Config/Windows/Input.ini" 87
"../../../../../../Users/firei_000/Documents/Unreal Projects/BtoomGit/Intermediate/Config/CoalescedSourceConfigs/Input.ini" 88
"../../../Engine/Config/BaseEditor.ini" 89
"../../../../../../Users/firei_000/Documents/Unreal Projects/BtoomGit/Config/DefaultEditor.ini" 90
"C:/Users/firei_000/Documents/Unreal Projects/BtoomGit/Saved/Config/Windows/Editor.ini" 91
"../../../../../../Users/firei_000/Documents/Unreal Projects/BtoomGit/Intermediate/Config/CoalescedSourceConfigs/Editor.ini" 92
"../../../Engine/Config/BaseEditorLayout.ini" 93
"C:/Users/firei_000/Documents/Unreal Projects/BtoomGit/Saved/Config/Windows/EditorLayout.ini" 94
"../../../../../../Users/firei_000/Documents/Unreal Projects/BtoomGit/Intermediate/Config/CoalescedSourceConfigs/EditorLayout.ini" 95
"../../../Engine/Config/BaseEditorUserSettings.ini" 96
"../../../../../../Users/firei_000/Documents/Unreal Projects/BtoomGit/Config/DefaultEditorUserSettings.ini" 97
"C:/Users/firei_000/Documents/Unreal Projects/BtoomGit/Saved/Config/Windows/EditorUserSettings.ini" 98
"../../../../../../Users/firei_000/Documents/Unreal Projects/BtoomGit/Intermediate/Config/CoalescedSourceConfigs/EditorUserSettings.ini" 99
"../../../Engine/Config/BaseEditorKeyBindings.ini" 100
"C:/Users/firei_000/Documents/Unreal Projects/BtoomGit/Saved/Config/Windows/EditorKeyBindings.ini" 101
"../../../../../../Users/firei_000/Documents/Unreal Projects/BtoomGit/Intermediate/Config/CoalescedSourceConfigs/EditorKeyBindings.ini" 102
"../../../Engine/Config/BaseCompat.ini" 103
"C:/Users/firei_000/Documents/Unreal Projects/BtoomGit/Saved/Config/Windows/Compat.ini" 104
"../../../../../../Users/firei_000/Documents/Unreal Projects/BtoomGit/Intermediate/Config/CoalescedSourceConfigs/Compat.ini" 105
"../../../Engine/Config/BaseLightmass.ini" 106
"C:/Users/firei_000/Documents/Unreal Projects/BtoomGit/Saved/Config/Windows/Lightmass.ini" 107
"../../../../../../Users/firei_000/Documents/Unreal Projects/BtoomGit/Intermediate/Config/CoalescedSourceConfigs/Lightmass.ini" 108
"../../../Engine/Config/BaseScalability.ini" 109
"C:/Users/firei_000/Documents/Unreal Projects/BtoomGit/Saved/Config/Windows/Scalability.ini" 110
"../../../../../../Users/firei_000/Documents/Unreal Projects/BtoomGit/Intermediate/Config/CoalescedSourceConfigs/Scalability.ini" 111
"C:/Users/firei_000/Documents/Unreal Projects/BtoomGit/Saved/Config/Windows/GameUserSettings.ini" 112
"../../../../../../Users/firei_000/Documents/Unreal Projects/BtoomGit/Intermediate/Config/CoalescedSourceConfigs/GameUserSettings.ini" 113
"../../../Engine/Config/BaseDeviceProfiles.ini" 114
"C:/Users/firei_000/Documents/Unreal Projects/BtoomGit/Saved/Config/Windows/DeviceProfiles.ini" 115
"../../../../../../Users/firei_000/Documents/Unreal Projects/BtoomGit/Intermediate/Config/CoalescedSourceConfigs/DeviceProfiles.ini" 116
"../../../Engine/Config/ConsoleVariables.ini" 117
"..\..\..\Engine\Content\Internationalization\icudt53l\es.res" 118
"..\..\..\Engine\Content\Internationalization\icudt53l\coll\es.res" 119
"..\..\..\Engine\Content\Internationalization\icudt53l\curr\es.res" 120
"..\..\..\Engine\Content\Internationalization\icudt53l\es_ES.res" 121
"..\..\..\Engine\Content\Internationalization\icudt53l\ja.res" 122
"..\..\..\Engine\Content\Internationalization\icudt53l\coll\ja.res" 123
"..\..\..\Engine\Content\Internationalization\icudt53l\curr\ja.res" 124
"..\..\..\Engine\Content\Internationalization\icudt53l\ja_JP.res" 125
"..\..\..\Engine\Content\Internationalization\icudt53l\ko.res" 126
"..\..\..\Engine\Content\Internationalization\icudt53l\coll\ko.res" 127
"..\..\..\Engine\Content\Internationalization\icudt53l\curr\ko.res" 128
"..\..\..\Engine\Content\Internationalization\icudt53l\ko_KR.res" 129
"..\..\..\Engine\Content\Internationalization\icudt53l\pt_BR.res" 130
"..\..\..\Engine\Content\Internationalization\icudt53l\pt.res" 131
"..\..\..\Engine\Content\Internationalization\icudt53l\coll\pt.res" 132
"..\..\..\Engine\Content\Internationalization\icudt53l\curr\pt.res" 133
"..\..\..\Engine\Content\Internationalization\icudt53l\zh_CN.res" 134
"..\..\..\Engine\Content\Internationalization\icudt53l\zh_Hans_CN.res" 135
"..\..\..\Engine\Content\Internationalization\icudt53l\zh_Hans.res" 136
"..\..\..\Engine\Content\Internationalization\icudt53l\zh.res" 137
"..\..\..\Engine\Content\Internationalization\icudt53l\coll\zh_CN.res" 138
"..\..\..\Engine\Content\Internationalization\icudt53l\coll\zh_Hans_CN.res" 139
"..\..\..\Engine\Content\Internationalization\icudt53l\coll\zh_Hans.res" 140
"..\..\..\Engine\Content\Internationalization\icudt53l\coll\zh.res" 141
"..\..\..\Engine\Content\Internationalization\icudt53l\curr\zh_CN.res" 142
"..\..\..\Engine\Content\Internationalization\icudt53l\curr\zh_Hans_CN.res" 143
"..\..\..\Engine\Content\Internationalization\icudt53l\curr\zh_Hans.res" 144
"..\..\..\Engine\Content\Internationalization\icudt53l\curr\zh.res" 145
"C:/Program Files/Unreal Engine/4.7/Engine/Content/Localization/Editor/en/Editor.locres" 146
"C:/Program Files/Unreal Engine/4.7/Engine/Content/Localization/EditorTutorials/en/EditorTutorials.locres" 147
"C:/Program Files/Unreal Engine/4.7/Engine/Content/Localization/Engine/en/Engine.locres" 148
"../../../Engine/Content/Slate/Fonts/Roboto-Regular.ttf" 149
"../../../Engine/Content/Slate/Fonts/DroidSansMono.ttf" 150
"../../../Engine/Content/Slate/Fonts/Roboto-Bold.ttf" 151
"../../../Engine/Content/Slate/Fonts/Roboto-Light.ttf" 152
"C:/Program Files/Unreal Engine/4.7/Engine/Binaries/Win64/../../../Engine/Shaders/ParticleSpriteVertexFactory.usf" 153
"C:/Program Files/Unreal Engine/4.7/Engine/Binaries/Win64/../../../Engine/Shaders/VertexFactoryCommon.usf" 154
"C:/Program Files/Unreal Engine/4.7/Engine/Binaries/Win64/../../../Engine/Shaders/Common.usf" 155
"C:/Program Files/Unreal Engine/4.7/Engine/Binaries/Win64/../../../Engine/Shaders/MetalCommon.usf" 156
"C:/Program Files/Unreal Engine/4.7/Engine/Binaries/Win64/../../../Engine/Shaders/ShaderVersion.usf" 157
"C:/Program Files/Unreal Engine/4.7/Engine/Binaries/Win64/../../../Engine/Shaders/Definitions.usf" 158
"C:/Program Files/Unreal Engine/4.7/Engine/Binaries/Win64/../../../Engine/Shaders/Random.usf" 159
"C:/Program Files/Unreal Engine/4.7/Engine/Binaries/Win64/../../../Engine/Shaders/ParticleVertexFactoryCommon.usf" 160
"C:/Program Files/Unreal Engine/4.7/Engine/Binaries/Win64/../../../Engine/Shaders/ParticleGPUSpriteVertexFactory.usf" 161
"C:/Program Files/Unreal Engine/4.7/Engine/Binaries/Win64/../../../Engine/Shaders/ParticleBeamTrailVertexFactory.usf" 162
"C:/Program Files/Unreal Engine/4.7/Engine/Binaries/Win64/../../../Engine/Shaders/VectorFieldVisualizationVertexFactory.usf" 163
"C:/Program Files/Unreal Engine/4.7/Engine/Binaries/Win64/../../../Engine/Shaders/LocalVertexFactory.usf" 164
"C:/Program Files/Unreal Engine/4.7/Engine/Binaries/Win64/../../../Engine/Shaders/LocalVertexFactoryCommon.usf" 165
"C:/Program Files/Unreal Engine/4.7/Engine/Binaries/Win64/../../../Engine/Shaders/MeshParticleVertexFactory.usf" 166
"C:/Program Files/Unreal Engine/4.7/Engine/Binaries/Win64/../../../Engine/Shaders/GpuSkinVertexFactory.usf" 167
"C:/Program Files/Unreal Engine/4.7/Engine/Binaries/Win64/../../../Engine/Shaders/GpuSkinCacheCommon.usf" 168
"C:/Program Files/Unreal Engine/4.7/Engine/Binaries/Win64/../../../Engine/Shaders/LandscapeVertexFactory.usf" 169
"C:/Program Files/Unreal Engine/4.7/Engine/Binaries/Win64/../../../Engine/Shaders/SlateElementPixelShader.usf" 170
"C:/Program Files/Unreal Engine/4.7/Engine/Binaries/Win64/../../../Engine/Shaders/MaterialTemplate.usf" 171
"C:/Program Files/Unreal Engine/4.7/Engine/Binaries/Win64/../../../Engine/Shaders/DepthOfFieldCommon.usf" 172
"C:/Program Files/Unreal Engine/4.7/Engine/Binaries/Win64/../../../Engine/Shaders/SpeedTreeCommon.usf" 173
"C:/Program Files/Unreal Engine/4.7/Engine/Binaries/Win64/../../../Engine/Shaders/AtmosphereCommon.usf" 174
"C:/Program Files/Unreal Engine/4.7/Engine/Binaries/Win64/../../../Engine/Shaders/PostProcessCommon.usf" 175
"C:/Program Files/Unreal Engine/4.7/Engine/Binaries/Win64/../../../Engine/Shaders/DeferredShadingCommon.usf" 176
"C:/Program Files/Unreal Engine/4.7/Engine/Binaries/Win64/../../../Engine/Shaders/LightAccumulator.usf" 177
"C:/Program Files/Unreal Engine/4.7/Engine/Binaries/Win64/../../../Engine/Shaders/SlateVertexShader.usf" 178
"C:/Program Files/Unreal Engine/4.7/Engine/Binaries/Win64/../../../Engine/Shaders/OneColorShader.usf" 179
"C:/Program Files/Unreal Engine/4.7/Engine/Binaries/Win64/../../../Engine/Shaders/ResolveVertexShader.usf" 180
"C:/Program Files/Unreal Engine/4.7/Engine/Binaries/Win64/../../../Engine/Shaders/ResolvePixelShader.usf" 181
"C:/Program Files/Unreal Engine/4.7/Engine/Binaries/Win64/../../../Engine/Shaders/VisualizeTexture.usf" 182
"C:/Program Files/Unreal Engine/4.7/Engine/Binaries/Win64/../../../Engine/Shaders/ScreenSpaceReflections.usf" 183
"C:/Program Files/Unreal Engine/4.7/Engine/Binaries/Win64/../../../Engine/Shaders/BRDF.usf" 184
"C:/Program Files/Unreal Engine/4.7/Engine/Binaries/Win64/../../../Engine/Shaders/MonteCarlo.usf" 185
"C:/Program Files/Unreal Engine/4.7/Engine/Binaries/Win64/../../../Engine/Shaders/FilterVertexShader.usf" 186
"C:/Program Files/Unreal Engine/4.7/Engine/Binaries/Win64/../../../Engine/Shaders/FilterPixelShader.usf" 187
"C:/Program Files/Unreal Engine/4.7/Engine/Binaries/Win64/../../../Engine/Shaders/PostProcessVisualizeHDR.usf" 188
"C:/Program Files/Unreal Engine/4.7/Engine/Binaries/Win64/../../../Engine/Shaders/PostProcessHistogramCommon.usf" 189
"C:/Program Files/Unreal Engine/4.7/Engine/Binaries/Win64/../../../Engine/Shaders/TonemapCommon.usf" 190
"C:/Program Files/Unreal Engine/4.7/Engine/Binaries/Win64/../../../Engine/Shaders/MiniFontCommon.usf" 191
"C:/Program Files/Unreal Engine/4.7/Engine/Binaries/Win64/../../../Engine/Shaders/PostProcessVisualizeBuffer.usf" 192
"C:/Program Files/Unreal Engine/4.7/Engine/Binaries/Win64/../../../Engine/Shaders/PostProcessUpscale.usf" 193
"C:/Program Files/Unreal Engine/4.7/Engine/Binaries/Win64/../../../Engine/Shaders/PostProcessTonemap.usf" 194
"C:/Program Files/Unreal Engine/4.7/Engine/Binaries/Win64/../../../Engine/Shaders/PostProcessTestImage.usf" 195
"C:/Program Files/Unreal Engine/4.7/Engine/Binaries/Win64/../../../Engine/Shaders/PostProcessTemporalAA.usf" 196
"C:/Program Files/Unreal Engine/4.7/Engine/Binaries/Win64/../../../Engine/Shaders/PostProcessTemporalCommon.usf" 197
"C:/Program Files/Unreal Engine/4.7/Engine/Binaries/Win64/../../../Engine/Shaders/PostProcessSubsurface.usf" 198
"C:/Program Files/Unreal Engine/4.7/Engine/Binaries/Win64/../../../Engine/Shaders/SeparableSSS.usf" 199
"C:/Program Files/Unreal Engine/4.7/Engine/Binaries/Win64/../../../Engine/Shaders/PostProcessSelectionOutline.usf" 200
"C:/Program Files/Unreal Engine/4.7/Engine/Binaries/Win64/../../../Engine/Shaders/PostProcessSceneColorFringe.usf" 201
"C:/Program Files/Unreal Engine/4.7/Engine/Binaries/Win64/../../../Engine/Shaders/PostProcessNoiseBlur.usf" 202
"C:/Program Files/Unreal Engine/4.7/Engine/Binaries/Win64/../../../Engine/Shaders/PostProcessMotionBlur.usf" 203
"C:/Program Files/Unreal Engine/4.7/Engine/Binaries/Win64/../../../Engine/Shaders/PostProcessMobile.usf" 204
"C:/Program Files/Unreal Engine/4.7/Engine/Binaries/Win64/../../../Engine/Shaders/PostProcessMaterialShaders.usf" 205
"C:/Program Files/Unreal Engine/4.7/Engine/Binaries/Win64/../../../Engine/Shaders/PostProcessLensFlares.usf" 206
"C:/Program Files/Unreal Engine/4.7/Engine/Binaries/Win64/../../../Engine/Shaders/PostProcessLensBlur.usf" 207
"C:/Program Files/Unreal Engine/4.7/Engine/Binaries/Win64/../../../Engine/Shaders/PostProcessBloom.usf" 208
"C:/Program Files/Unreal Engine/4.7/Engine/Binaries/Win64/../../../Engine/Shaders/PostProcessHMD.usf" 209
"C:/Program Files/Unreal Engine/4.7/Engine/Binaries/Win64/../../../Engine/Shaders/PostProcessHistogramReduce.usf" 210
"C:/Program Files/Unreal Engine/4.7/Engine/Binaries/Win64/../../../Engine/Shaders/PostProcessHistogram.usf" 211
"C:/Program Files/Unreal Engine/4.7/Engine/Binaries/Win64/../../../Engine/Shaders/PostProcessGBufferHints.usf" 212
"C:/Program Files/Unreal Engine/4.7/Engine/Binaries/Win64/../../../Engine/Shaders/PostProcessEyeAdaptation.usf" 213
"C:/Program Files/Unreal Engine/4.7/Engine/Binaries/Win64/../../../Engine/Shaders/PostProcessDownsample.usf" 214
"C:/Program Files/Unreal Engine/4.7/Engine/Binaries/Win64/../../../Engine/Shaders/PostProcessDOF.usf" 215
"C:/Program Files/Unreal Engine/4.7/Engine/Binaries/Win64/../../../Engine/Shaders/PostProcessCompositeEditorPrimitives.usf" 216
"C:/Program Files/Unreal Engine/4.7/Engine/Binaries/Win64/../../../Engine/Shaders/PostProcessCombineLUTs.usf" 217
"C:/Program Files/Unreal Engine/4.7/Engine/Binaries/Win64/../../../Engine/Shaders/PostProcessBusyWait.usf" 218
"C:/Program Files/Unreal Engine/4.7/Engine/Binaries/Win64/../../../Engine/Shaders/PostProcessBokehDOF.usf" 219
"C:/Program Files/Unreal Engine/4.7/Engine/Binaries/Win64/../../../Engine/Shaders/FXAAShader.usf" 220
"C:/Program Files/Unreal Engine/4.7/Engine/Binaries/Win64/../../../Engine/Shaders/Fxaa3_11.usf" 221
"C:/Program Files/Unreal Engine/4.7/Engine/Binaries/Win64/../../../Engine/Shaders/PostProcessPassThrough.usf" 222
"C:/Program Files/Unreal Engine/4.7/Engine/Binaries/Win64/../../../Engine/Shaders/PostProcessLpvIndirect.usf" 223
"C:/Program Files/Unreal Engine/4.7/Engine/Binaries/Win64/../../../Engine/Shaders/DeferredLightingCommon.usf" 224
"C:/Program Files/Unreal Engine/4.7/Engine/Binaries/Win64/../../../Engine/Shaders/DynamicLightingCommon.usf" 225
"C:/Program Files/Unreal Engine/4.7/Engine/Binaries/Win64/../../../Engine/Shaders/IESLightProfilesCommon.usf" 226
"C:/Program Files/Unreal Engine/4.7/Engine/Binaries/Win64/../../../Engine/Shaders/LPVFinalPass.usf" 227
"C:/Program Files/Unreal Engine/4.7/Engine/Binaries/Win64/../../../Engine/Shaders/LPVCommon.usf" 228
"C:/Program Files/Unreal Engine/4.7/Engine/Binaries/Win64/../../../Engine/Shaders/DeferredDecal.usf" 229
"C:/Program Files/Unreal Engine/4.7/Engine/Binaries/Win64/../../../Engine/Shaders/PostProcessAmbientOcclusion.usf" 230
"C:/Program Files/Unreal Engine/4.7/Engine/Binaries/Win64/../../../Engine/Shaders/PostProcessAmbient.usf" 231
"C:/Program Files/Unreal Engine/4.7/Engine/Binaries/Win64/../../../Engine/Shaders/CubemapCommon.usf" 232
"C:/Program Files/Unreal Engine/4.7/Engine/Binaries/Win64/../../../Engine/Shaders/VelocityShader.usf" 233
"C:/Program Files/Unreal Engine/4.7/Engine/Binaries/Win64/../../../Engine/Shaders/Tessellation.usf" 234
"C:/Program Files/Unreal Engine/4.7/Engine/Binaries/Win64/../../../Engine/Shaders/FlatTessellation.usf" 235
"C:/Program Files/Unreal Engine/4.7/Engine/Binaries/Win64/../../../Engine/Shaders/PNTriangles.usf" 236
"C:/Program Files/Unreal Engine/4.7/Engine/Binaries/Win64/../../../Engine/Shaders/TranslucentLightingShaders.usf" 237
"C:/Program Files/Unreal Engine/4.7/Engine/Binaries/Win64/../../../Engine/Shaders/SHCommon.usf" 238
"C:/Program Files/Unreal Engine/4.7/Engine/Binaries/Win64/../../../Engine/Shaders/ShadowProjectionCommon.usf" 239
"C:/Program Files/Unreal Engine/4.7/Engine/Binaries/Win64/../../../Engine/Shaders/TranslucentLightInjectionShaders.usf" 240
"C:/Program Files/Unreal Engine/4.7/Engine/Binaries/Win64/../../../Engine/Shaders/LightFunctionCommon.usf" 241
"C:/Program Files/Unreal Engine/4.7/Engine/Binaries/Win64/../../../Engine/Shaders/TranslucentShadowDepthShaders.usf" 242
"C:/Program Files/Unreal Engine/4.7/Engine/Binaries/Win64/../../../Engine/Shaders/ShadowDepthCommon.usf" 243
"C:/Program Files/Unreal Engine/4.7/Engine/Binaries/Win64/../../../Engine/Shaders/TiledDeferredLightShaders.usf" 244
"C:/Program Files/Unreal Engine/4.7/Engine/Binaries/Win64/../../../Engine/Shaders/ShadowProjectionPixelShader.usf" 245
"C:/Program Files/Unreal Engine/4.7/Engine/Binaries/Win64/../../../Engine/Shaders/ShadowFilteringCommon.usf" 246
"C:/Program Files/Unreal Engine/4.7/Engine/Binaries/Win64/../../../Engine/Shaders/ShadowProjectionVertexShader.usf" 247
"C:/Program Files/Unreal Engine/4.7/Engine/Binaries/Win64/../../../Engine/Shaders/ShadowDepthPixelShader.usf" 248
"C:/Program Files/Unreal Engine/4.7/Engine/Binaries/Win64/../../../Engine/Shaders/LPVWriteVplCommon.usf" 249
"C:/Program Files/Unreal Engine/4.7/Engine/Binaries/Win64/../../../Engine/Shaders/LPVWriteCommon.usf" 250
"C:/Program Files/Unreal Engine/4.7/Engine/Binaries/Win64/../../../Engine/Shaders/ShadowDepthVertexShader.usf" 251
"C:/Program Files/Unreal Engine/4.7/Engine/Binaries/Win64/../../../Engine/Shaders/ShaderComplexityApplyPixelShader.usf" 252
"C:/Program Files/Unreal Engine/4.7/Engine/Binaries/Win64/../../../Engine/Shaders/ShaderComplexityApplyVertexShader.usf" 253
"C:/Program Files/Unreal Engine/4.7/Engine/Binaries/Win64/../../../Engine/Shaders/ShaderComplexityAccumulatePixelShader.usf" 254
"C:/Program Files/Unreal Engine/4.7/Engine/Binaries/Win64/../../../Engine/Shaders/HZBOcclusion.usf" 255
"C:/Program Files/Unreal Engine/4.7/Engine/Binaries/Win64/../../../Engine/Shaders/OcclusionQueryVertexShader.usf" 256
"C:/Program Files/Unreal Engine/4.7/Engine/Binaries/Win64/../../../Engine/Shaders/HitProxyPixelShader.usf" 257
"C:/Program Files/Unreal Engine/4.7/Engine/Binaries/Win64/../../../Engine/Shaders/HitProxyVertexShader.usf" 258
"C:/Program Files/Unreal Engine/4.7/Engine/Binaries/Win64/../../../Engine/Shaders/ReflectionEnvironmentShaders.usf" 259
"C:/Program Files/Unreal Engine/4.7/Engine/Binaries/Win64/../../../Engine/Shaders/ReflectionEnvironmentShared.usf" 260
"C:/Program Files/Unreal Engine/4.7/Engine/Binaries/Win64/../../../Engine/Shaders/SkyLightingShared.usf" 261
"C:/Program Files/Unreal Engine/4.7/Engine/Binaries/Win64/../../../Engine/Shaders/ReflectionEnvironmentComputeShaders.usf" 262
"C:/Program Files/Unreal Engine/4.7/Engine/Binaries/Win64/../../../Engine/Shaders/LightShaftShader.usf" 263
"C:/Program Files/Unreal Engine/4.7/Engine/Binaries/Win64/../../../Engine/Shaders/StationaryLightOverlapShaders.usf" 264
"C:/Program Files/Unreal Engine/4.7/Engine/Binaries/Win64/../../../Engine/Shaders/DeferredLightPixelShaders.usf" 265
"C:/Program Files/Unreal Engine/4.7/Engine/Binaries/Win64/../../../Engine/Shaders/DeferredLightVertexShaders.usf" 266
"C:/Program Files/Unreal Engine/4.7/Engine/Binaries/Win64/../../../Engine/Shaders/LPVVisualise.usf" 267
"C:/Program Files/Unreal Engine/4.7/Engine/Binaries/Win64/../../../Engine/Shaders/LPVGeometryVolumeCommon.usf" 268
"C:/Program Files/Unreal Engine/4.7/Engine/Binaries/Win64/../../../Engine/Shaders/LPVDirectLightInject.usf" 269
"C:/Program Files/Unreal Engine/4.7/Engine/Binaries/Win64/../../../Engine/Shaders/LPVPropagate.usf" 270
"C:/Program Files/Unreal Engine/4.7/Engine/Binaries/Win64/../../../Engine/Shaders/LPVBuildGeometryVolume.usf" 271
"C:/Program Files/Unreal Engine/4.7/Engine/Binaries/Win64/../../../Engine/Shaders/LPVInject_AccumulateVplLists.usf" 272
"C:/Program Files/Unreal Engine/4.7/Engine/Binaries/Win64/../../../Engine/Shaders/LPVInject_GenerateVplLists.usf" 273
"C:/Program Files/Unreal Engine/4.7/Engine/Binaries/Win64/../../../Engine/Shaders/LPVClearLists.usf" 274
"C:/Program Files/Unreal Engine/4.7/Engine/Binaries/Win64/../../../Engine/Shaders/LPVClear.usf" 275
"C:/Program Files/Unreal Engine/4.7/Engine/Binaries/Win64/../../../Engine/Shaders/LightMapDensityShader.usf" 276
"C:/Program Files/Unreal Engine/4.7/Engine/Binaries/Win64/../../../Engine/Shaders/LightFunctionPixelShader.usf" 277
"C:/Program Files/Unreal Engine/4.7/Engine/Binaries/Win64/../../../Engine/Shaders/LightFunctionVertexShader.usf" 278
"C:/Program Files/Unreal Engine/4.7/Engine/Binaries/Win64/../../../Engine/Shaders/HdrCustomResolveShaders.usf" 279
"C:/Program Files/Unreal Engine/4.7/Engine/Binaries/Win64/../../../Engine/Shaders/GPUBenchmark.usf" 280
"C:/Program Files/Unreal Engine/4.7/Engine/Binaries/Win64/../../../Engine/Shaders/GammaCorrection.usf" 281
"C:/Program Files/Unreal Engine/4.7/Engine/Binaries/Win64/../../../Engine/Shaders/BasePassForForwardShadingPixelShader.usf" 282
"C:/Program Files/Unreal Engine/4.7/Engine/Binaries/Win64/../../../Engine/Shaders/BasePassForForwardShadingCommon.usf" 283
"C:/Program Files/Unreal Engine/4.7/Engine/Binaries/Win64/../../../Engine/Shaders/LightmapCommon.usf" 284
"C:/Program Files/Unreal Engine/4.7/Engine/Binaries/Win64/../../../Engine/Shaders/BasePassForForwardShadingVertexShader.usf" 285
"C:/Program Files/Unreal Engine/4.7/Engine/Binaries/Win64/../../../Engine/Shaders/HeightFogCommon.usf" 286
"C:/Program Files/Unreal Engine/4.7/Engine/Binaries/Win64/../../../Engine/Shaders/HeightFogPixelShader.usf" 287
"C:/Program Files/Unreal Engine/4.7/Engine/Binaries/Win64/../../../Engine/Shaders/HeightFogVertexShader.usf" 288
"C:/Program Files/Unreal Engine/4.7/Engine/Binaries/Win64/../../../Engine/Shaders/DistortAccumulatePS.usf" 289
"C:/Program Files/Unreal Engine/4.7/Engine/Binaries/Win64/../../../Engine/Shaders/DistortAccumulateVS.usf" 290
"C:/Program Files/Unreal Engine/4.7/Engine/Binaries/Win64/../../../Engine/Shaders/DistortApplyScreenPS.usf" 291
"C:/Program Files/Unreal Engine/4.7/Engine/Binaries/Win64/../../../Engine/Shaders/DistanceFieldSurfaceCacheLighting.usf" 292
"C:/Program Files/Unreal Engine/4.7/Engine/Binaries/Win64/../../../Engine/Shaders/DistanceFieldLightingShared.usf" 293
"C:/Program Files/Unreal Engine/4.7/Engine/Binaries/Win64/../../../Engine/Shaders/DistanceFieldAOShared.usf" 294
"C:/Program Files/Unreal Engine/4.7/Engine/Binaries/Win64/../../../Engine/Shaders/SkyLighting.usf" 295
"C:/Program Files/Unreal Engine/4.7/Engine/Binaries/Win64/../../../Engine/Shaders/DistanceFieldSurfaceCacheLightingCompute.usf" 296
"C:/Program Files/Unreal Engine/4.7/Engine/Binaries/Win64/../../../Engine/Shaders/DistanceFieldShadowing.usf" 297
"C:/Program Files/Unreal Engine/4.7/Engine/Binaries/Win64/../../../Engine/Shaders/DepthOnlyPixelShader.usf" 298
"C:/Program Files/Unreal Engine/4.7/Engine/Binaries/Win64/../../../Engine/Shaders/DepthOnlyVertexShader.usf" 299
"C:/Program Files/Unreal Engine/4.7/Engine/Binaries/Win64/../../../Engine/Shaders/PositionOnlyDepthVertexShader.usf" 300
"C:/Program Files/Unreal Engine/4.7/Engine/Binaries/Win64/../../../Engine/Shaders/DownsampleDepthPixelShader.usf" 301
"C:/Program Files/Unreal Engine/4.7/Engine/Binaries/Win64/../../../Engine/Shaders/BasePassPixelShader.usf" 302
"C:/Program Files/Unreal Engine/4.7/Engine/Binaries/Win64/../../../Engine/Shaders/BasePassCommon.usf" 303
"C:/Program Files/Unreal Engine/4.7/Engine/Binaries/Win64/../../../Engine/Shaders/BasePassVertexShader.usf" 304
"C:/Program Files/Unreal Engine/4.7/Engine/Binaries/Win64/../../../Engine/Shaders/BasePassVertexCommon.usf" 305
"C:/Program Files/Unreal Engine/4.7/Engine/Binaries/Win64/../../../Engine/Shaders/BasePassTessellationShaders.usf" 306
"C:/Program Files/Unreal Engine/4.7/Engine/Binaries/Win64/../../../Engine/Shaders/AtmospherePrecompute.usf" 307
"C:/Program Files/Unreal Engine/4.7/Engine/Binaries/Win64/../../../Engine/Shaders/AtmospherePrecomputeCommon.usf" 308
"C:/Program Files/Unreal Engine/4.7/Engine/Binaries/Win64/../../../Engine/Shaders/AtmospherePrecomputeInscatter.usf" 309
"C:/Program Files/Unreal Engine/4.7/Engine/Binaries/Win64/../../../Engine/Shaders/AtmosphericFogShader.usf" 310
"C:/Program Files/Unreal Engine/4.7/Engine/Binaries/Win64/../../../Engine/Shaders/ParticleSortKeyGen.usf" 311
"C:/Program Files/Unreal Engine/4.7/Engine/Binaries/Win64/../../../Engine/Shaders/ParticleBoundsShader.usf" 312
"C:/Program Files/Unreal Engine/4.7/Engine/Binaries/Win64/../../../Engine/Shaders/ParticleSimVisualizeShader.usf" 313
"C:/Program Files/Unreal Engine/4.7/Engine/Binaries/Win64/../../../Engine/Shaders/ParticleInjectionShader.usf" 314
"C:/Program Files/Unreal Engine/4.7/Engine/Binaries/Win64/../../../Engine/Shaders/ParticleSimulationShader.usf" 315
"C:/Program Files/Unreal Engine/4.7/Engine/Binaries/Win64/../../../Engine/Shaders/ParticleCurveInjectionShader.usf" 316
"C:/Program Files/Unreal Engine/4.7/Engine/Binaries/Win64/../../../Engine/Shaders/VectorFieldCompositeShaders.usf" 317
"C:/Program Files/Unreal Engine/4.7/Engine/Binaries/Win64/../../../Engine/Shaders/UpdateTextureShaders.usf" 318
"C:/Program Files/Unreal Engine/4.7/Engine/Binaries/Win64/../../../Engine/Shaders/SimpleElementColorChannelMaskPixelShader.usf" 319
"C:/Program Files/Unreal Engine/4.7/Engine/Binaries/Win64/../../../Engine/Shaders/SimpleElementHitProxyPixelShader.usf" 320
"C:/Program Files/Unreal Engine/4.7/Engine/Binaries/Win64/../../../Engine/Shaders/SimpleElementPixelShader.usf" 321
"C:/Program Files/Unreal Engine/4.7/Engine/Binaries/Win64/../../../Engine/Shaders/ColorUtils.usf" 322
"C:/Program Files/Unreal Engine/4.7/Engine/Binaries/Win64/../../../Engine/Shaders/SimpleElementVertexShader.usf" 323
"C:/Program Files/Unreal Engine/4.7/Engine/Binaries/Win64/../../../Engine/Shaders/ScreenVertexShader.usf" 324
"C:/Program Files/Unreal Engine/4.7/Engine/Binaries/Win64/../../../Engine/Shaders/ScreenPixelShader.usf" 325
"C:/Program Files/Unreal Engine/4.7/Engine/Binaries/Win64/../../../Engine/Shaders/RadixSortShaders.usf" 326
"C:/Program Files/Unreal Engine/4.7/Engine/Binaries/Win64/../../../Engine/Shaders/GpuSkinCacheComputeShader.usf" 327
"C:/Program Files/Unreal Engine/4.7/Engine/Binaries/Win64/../../../Engine/Shaders/NullPixelShader.usf" 328
"C:/Program Files/Unreal Engine/4.7/Engine/Binaries/Win64/../../../Engine/Shaders/ClearReplacementShaders.usf" 329
"C:/Program Files/Unreal Engine/4.7/Engine/Binaries/Win64/../../../Engine/Shaders/SimpleElementTexture2DPreviewPixelShader.usf" 330
"C:/Program Files/Unreal Engine/4.7/Engine/Binaries/Win64/../../../Engine/Shaders/SimpleElementNormalMapPixelShader.usf" 331
"C:/Program Files/Unreal Engine/4.7/Engine/Binaries/Win64/../../../Engine/Shaders/meshpaintdilatepixelshader.usf" 332
"C:/Program Files/Unreal Engine/4.7/Engine/Binaries/Win64/../../../Engine/Shaders/meshpaintdilatevertexshader.usf" 333
"C:/Program Files/Unreal Engine/4.7/Engine/Binaries/Win64/../../../Engine/Shaders/MeshPaintPixelShader.usf" 334
"C:/Program Files/Unreal Engine/4.7/Engine/Binaries/Win64/../../../Engine/Shaders/MeshPaintVertexShader.usf" 335
"../../../Engine/Config/Android/AndroidEngine.ini" 336
"../../../Engine/Config/HTML5/HTML5Engine.ini" 337
"../../../Engine/Config/IOS/IOSEngine.ini" 338
"../../../Engine/Config/Linux/LinuxEngine.ini" 339
"C:/Users/firei_000/AppData/Local/UnrealEngine/4.7/DerivedDataCache/Boot.ddc" 340
"../../../Engine/DerivedDataCache/Compressed.ddp" 341
"../../../Engine/Content/EditorResources/S_Actor.uasset" 342
"../../../Engine/Content/EditorLandscapeResources/DataLayer.uasset" 343
"../../../Engine/Content/Maps/Templates/Thumbnails/Default.uasset" 344
"../../../Engine/Content/EditorMaterials/ParticleSystems/PSysThumbnail_NoImage.uasset" 345
"../../../Engine/Content/EditorMaterials/ParticleSystems/PSysThumbnail_OOD.uasset" 346
"../../../Engine/Content/EngineFonts/Roboto.uasset" 347
"../../../Engine/Content/EngineMaterials/Widget3DPassThrough_Translucent.uasset" 348
"../../../Engine/Content/EngineMaterials/Widget3DPassThrough.uasset" 349
"../../../Engine/Content/EngineResources/WhiteSquareTexture.uasset" 350
"../../../Engine/Content/Functions/Engine_MaterialFunctions01/Shading/PowerToRoughness.uasset" 351
"../../../Engine/Content/Functions/Engine_MaterialFunctions01/Shading/ConvertFromDiffSpec.uasset" 352
"../../../Engine/Content/EngineMaterials/WorldGridMaterial.uasset" 353
"../../../Engine/Content/Functions/Engine_MaterialFunctions01/Opacity/CameraDepthFade.uasset" 354
"../../../Engine/Content/EngineMaterials/T_Default_Material_Grid_M.uasset" 355
"../../../Engine/Content/EngineMaterials/T_Default_Material_Grid_N.uasset" 356
"../../../Engine/Content/EngineMaterials/DefaultDeferredDecalMaterial.uasset" 357
"../../../Engine/Content/EngineMaterials/DefaultDiffuse.uasset" 358
"../../../Engine/Content/EngineMaterials/DefaultLightFunctionMaterial.uasset" 359
"../../../Engine/Content/EngineMaterials/DefaultPostProcessMaterial.uasset" 360
"../../../Engine/Content/Functions/Engine_MaterialFunctions02/Utility/BreakOutFloat2Components.uasset" 361
"../../../Engine/Content/EngineResources/DefaultTexture.uasset" 362
"../../../Engine/Content/EngineMaterials/Widget3DPassThrough_Translucent_OneSided.uasset" 363
"../../../Engine/Content/EngineMaterials/Widget3DPassThrough_Opaque.uasset" 364
"../../../Engine/Content/EngineMaterials/Widget3DPassThrough_Opaque_OneSided.uasset" 365
"../../../Engine/Content/EngineDamageTypes/DmgTypeBP_Environmental.uasset" 366
"../../../Engine/Content/EngineMeshes/Sphere.uasset" 367
"../../../Engine/Content/EngineFonts/RobotoDistanceField.uasset" 368
"../../../Engine/Content/EngineMaterials/DefaultTextMaterialOpaque.uasset" 369
"../../../Engine/Content/EditorResources/S_Trigger.uasset" 370
"../../../Engine/Content/EngineResources/GradientTexture0.uasset" 371
"../../../Engine/Content/EngineResources/Black.uasset" 372
"../../../Engine/Content/EditorMaterials/MatineeGroups/MAT_Groups_Float.uasset" 373
"../../../Engine/Content/EditorMaterials/MatineeGroups/MAT_Groups_Director.uasset" 374
"../../../Engine/Content/EditorMaterials/MatineeGroups/MAT_Groups_Event.uasset" 375
"../../../Engine/Content/EditorMaterials/MatineeGroups/MAT_Groups_Anim.uasset" 376
"../../../Engine/Content/EditorMaterials/MatineeGroups/MAT_Groups_Fade.uasset" 377
"../../../Engine/Content/EditorMaterials/MatineeGroups/MAT_Groups_Move.uasset" 378
"../../../Engine/Content/EditorMaterials/MatineeGroups/MAT_Groups_Slomo.uasset" 379
"../../../Engine/Content/EditorMaterials/MatineeGroups/MAT_ColorTrack.uasset" 380
"../../../Engine/Content/EditorMaterials/MAT_Groups_Toggle.uasset" 381
"../../../Engine/Content/EditorMaterials/MatineeGroups/MAT_Groups_AudioMaster.uasset" 382
"../../../Engine/Content/EditorMaterials/MatineeGroups/MAT_Groups_Sound.uasset" 383
"../../../Engine/Content/EditorMaterials/MatineeGroups/MAT_Groups_Vector.uasset" 384
"../../../Engine/Content/EditorMaterials/MAT_Groups_Visibility.uasset" 385
"../../../Engine/Content/EngineResources/DefaultTextureCube.uasset" 386
"../../../Engine/Content/EngineSounds/Master.uasset" 387
"../../../Engine/Content/EngineSounds/Music.uasset" 388
"../../../Engine/Content/EngineSounds/SFX.uasset" 389
"../../../Engine/Content/EngineSounds/Normal_Attack.uasset" 390
"../../../Engine/Content/EngineSounds/Special_Attack_PSM.uasset" 391
"../../../Engine/Content/EngineSounds/Duck_Normal_Attack_MixMod.uasset" 392
"../../../Engine/Content/EngineSounds/Voice.uasset" 393
"../../../Engine/Content/EngineMeshes/Cylinder.uasset" 394
"../../../Engine/Content/EngineMaterials/DefaultMaterial.uasset" 395
"../../../Engine/Content/EngineTireTypes/DefaultTireType.uasset" 396
"../../../Engine/Content/Editor/Slate/Fonts/FontAwesome.ttf" 397
"../../../Engine/Content/Editor/Slate/Fonts/DroidSansMono.ttf" 398
"../../../Engine/Content/Editor/Slate/Fonts/Roboto-BoldCondensed.ttf" 399
"../../../Engine/Content/Editor/Slate/Fonts/Roboto-Black.ttf" 400
"../../../Engine/Content/Editor/Slate/Fonts/Roboto-Italic.ttf" 401
"../../../Engine/Content/Editor/Slate/Fonts/Roboto-BoldCondensedItalic.ttf" 402
"../../../Engine/Plugins/2D/Paper2D/Content/MaskedUnlitSpriteMaterial.uasset" 403
"../../../Engine/Plugins/2D/Paper2D/Content/DefaultSpriteMaterial.uasset" 404
"../../../Engine/Plugins/2D/Paper2D/Content/DummySpriteTexture.uasset" 405
"../../../Engine/Plugins/2D/Paper2D/Content/OpaqueUnlitSpriteMaterial.uasset" 406
"../../../Engine/Plugins/2D/Paper2D/Content/DefaultPaperTerrainMaterial.uasset" 407
"../../../Engine/Plugins/2D/Paper2D/Content/DummySprite.uasset" 408
"C:/Users/firei_000/AppData/Local/UnrealEngine/4.7/Saved/Config/Windows/SourceControlSettings.ini" 409
"../../../../../../Users/firei_000/Documents/Unreal Projects/BtoomGit/Intermediate/Config/CoalescedSourceConfigs/SourceControlSettings.ini" 410
"C:/Users/firei_000/Documents/Unreal Projects/BtoomGit/Saved/Config/Windows/SourceControlSettings.ini" 411
"../../../Engine/Content/EngineMaterials/RemoveSurfaceMaterial.uasset" 412
"../../../Engine/Content/EngineDebugMaterials/DebugMeshMaterial.uasset" 413
"../../../Engine/Content/EngineMaterials/M_InvalidLightmapSettings.uasset" 414
"../../../Engine/Content/EngineMaterials/InvalidLightmapSettings.uasset" 415
"../../../Engine/Content/EditorMaterials/GizmoMaterial.uasset" 416
"../../../Engine/Content/EngineMaterials/Good64x64TilingNoiseHighFreq.uasset" 417
"../../../Engine/Content/EngineMaterials/DefaultBokeh.uasset" 418
"../../../Engine/Content/EngineMaterials/PreintegratedSkinBRDF.uasset" 419
"../../../Engine/Content/EngineMaterials/MiniFont.uasset" 420
"../../../Engine/Content/EngineMaterials/WeightMapPlaceholderTexture.uasset" 421
"../../../Engine/Content/EngineMaterials/DefaultWhiteGrid.uasset" 422
"../../../Engine/Content/EngineMaterials/DefaultPhysicalMaterial.uasset" 423
"../../../Engine/Content/EngineFonts/RobotoTiny.uasset" 424
"../../../../../../Users/firei_000/Documents/Unreal Projects/BtoomGit/Intermediate/CachedAssetRegistry.bin" 425
"C:/Users/firei_000/AppData/Local/UnrealEngine/Common/DerivedDataCache/3/8/7/35C7D27E437A3CE93D0EE8B0DCBAF4BF.udd" 426
"C:/Users/firei_000/AppData/Local/UnrealEngine/Common/DerivedDataCache/6/1/4/CCABD312498B9FF9D42DC095797E3BA8.udd" 427
"C:/Users/firei_000/AppData/Local/UnrealEngine/Common/DerivedDataCache/6/0/9/67BCFD1443D8532E28F6CE89895EA918.udd" 428
"C:/Users/firei_000/AppData/Local/UnrealEngine/Common/DerivedDataCache/7/2/5/7D9D800B417C3DDC086749AC80F7D571.udd" 429
"C:/Users/firei_000/AppData/Local/UnrealEngine/Common/DerivedDataCache/8/2/1/AF991A43496CAB6D186FBCA503A546FA.udd" 430
"C:/Users/firei_000/AppData/Local/UnrealEngine/Common/DerivedDataCache/8/9/6/F51815C0484DB091CA7E3AA3453E6B8A.udd" 431
"C:/Users/firei_000/AppData/Local/UnrealEngine/Common/DerivedDataCache/2/5/0/36E6F69D4FE6BA597B6158BFF4F74687.udd" 432
"C:/Users/firei_000/AppData/Local/UnrealEngine/Common/DerivedDataCache/8/9/2/3182F6AE464F13E8E2149BA8BFFC4C95.udd" 433
"C:/Users/firei_000/AppData/Local/UnrealEngine/Common/DerivedDataCache/7/0/0/692E53BF4ED77F3951A9029B879F04FB.udd" 434
"C:/Users/firei_000/AppData/Local/UnrealEngine/Common/DerivedDataCache/2/8/6/847E88F24C8BE58A12DA4DAD631D3BFE.udd" 435
"../../../Engine/Content/MobileResources/HUD/VirtualJoystick_Thumb.uasset" 436
"../../../Engine/Content/MobileResources/HUD/VirtualJoystick_Background.uasset" 437
"../../../Engine/Content/MobileResources/HUD/T_Castle_ThumbstickOutter.uasset" 438
"../../../Engine/Content/MobileResources/HUD/T_Castle_ThumbstickInner.uasset" 439
"../../../Engine/Content/MobileResources/HUD/MobileHUDDirectionStick.uasset" 440
"../../../Engine/Content/MobileResources/HUD/MobileHUDDirectionPad3.uasset" 441
"../../../Engine/Content/MobileResources/HUD/MobileHUDDirectionPad2.uasset" 442
"../../../Engine/Content/MobileResources/HUD/MobileHUDDirectionPad.uasset" 443
"../../../Engine/Content/MobileResources/HUD/MobileHUDButtonFire.uasset" 444
"../../../Engine/Content/MobileResources/HUD/MobileHUDButton3.uasset" 445
"../../../Engine/Content/MobileResources/HUD/MobileHUDButton2_on.uasset" 446
"../../../Engine/Content/MobileResources/HUD/MobileHUDButton2_off.uasset" 447
"../../../Engine/Content/MobileResources/HUD/MobileHUDButton1_on.uasset" 448
"../../../Engine/Content/MobileResources/HUD/MobileHUDButton1_off.uasset" 449
"../../../Engine/Content/MobileResources/HUD/LeftVirtualJoystickOnly.uasset" 450
"../../../Engine/Content/MobileResources/HUD/DefaultVirtualJoysticks.uasset" 451
"../../../Engine/Content/MobileResources/HUD/AnalogHat.uasset" 452
"../../../Engine/Content/MobileResources/T_MobileMenu2.uasset" 453
"../../../Engine/Content/MobileResources/T_MobileControls_texture.uasset" 454
"../../../Engine/Content/Maps/Entry.umap" 455
"../../../Engine/Content/EngineMaterials/DefaultNormal.uasset" 456
"../../../../../../Users/firei_000/Documents/Unreal Projects/BtoomGit/Content/Btoom/Maps/start.umap" 457
"../../../../../../Users/firei_000/Documents/Unreal Projects/BtoomGit/Content/Btoom/Blueprints/FirstPersonCharacter.uasset" 458
"../../../../../../Users/firei_000/Documents/Unreal Projects/BtoomGit/Content/Btoom/Blueprints/FirstPersonProjectile.uasset" 459
"../../../Engine/Content/EditorBlueprintResources/StandardMacros.uasset" 460
"../../../../../../Users/firei_000/Documents/Unreal Projects/BtoomGit/Content/Btoom/Meshes/FirstPerson_ProjectileMesh.uasset" 461
"../../../Engine/Content/TemplateResources/MI_Template_BaseOrange.uasset" 462
"../../../Engine/Content/TemplateResources/M_Template_Master.uasset" 463
"../../../../../../Users/firei_000/Documents/Unreal Projects/BtoomGit/Content/StarterContent/Audio/Explosion_Cue.uasset" 464
"../../../../../../Users/firei_000/Documents/Unreal Projects/BtoomGit/Content/StarterContent/Audio/Explosion01.uasset" 465
"../../../../../../Users/firei_000/Documents/Unreal Projects/BtoomGit/Content/StarterContent/Audio/Explosion02.uasset" 466
"../../../../../../Users/firei_000/Documents/Unreal Projects/BtoomGit/Content/StarterContent/Particles/P_Explosion.uasset" 467
"../../../../../../Users/firei_000/Documents/Unreal Projects/BtoomGit/Content/StarterContent/Particles/Materials/M_Burst.uasset" 468
"../../../../../../Users/firei_000/Documents/Unreal Projects/BtoomGit/Content/StarterContent/Textures/T_Burst_M.uasset" 469
"../../../../../../Users/firei_000/Documents/Unreal Projects/BtoomGit/Content/StarterContent/Particles/Materials/M_explosion_subUV.uasset" 470
"../../../../../../Users/firei_000/Documents/Unreal Projects/BtoomGit/Content/StarterContent/Textures/T_Explosion_SubUV.uasset" 471
"../../../../../../Users/firei_000/Documents/Unreal Projects/BtoomGit/Content/StarterContent/Particles/Materials/m_flare_01.uasset" 472
"../../../../../../Users/firei_000/Documents/Unreal Projects/BtoomGit/Content/StarterContent/Particles/Materials/M_radial_ramp.uasset" 473
"../../../Engine/Content/Functions/Engine_MaterialFunctions01/Gradient/RadialGradient.uasset" 474
"../../../../../../Users/firei_000/Documents/Unreal Projects/BtoomGit/Content/StarterContent/Particles/Materials/M_smoke_subUV.uasset" 475
"../../../../../../Users/firei_000/Documents/Unreal Projects/BtoomGit/Content/StarterContent/Textures/T_Smoke_SubUV.uasset" 476
"../../../../../../Users/firei_000/Documents/Unreal Projects/BtoomGit/Content/StarterContent/Textures/T_Smoke_Tiled_D.uasset" 477
"../../../Engine/Content/BasicShapes/BasicShapeMaterial.uasset" 478
"../../../Engine/Content/BasicShapes/Cylinder.uasset" 479
"../../../Engine/Content/BasicShapes/Sphere.uasset" 480
"../../../Engine/Content/EngineSky/BP_Sky_Sphere.uasset" 481
"../../../Engine/Content/EngineSky/C_Sky_Cloud_Color.uasset" 482
"../../../Engine/Content/EngineSky/C_Sky_Horizon_Color.uasset" 483
"../../../Engine/Content/EngineSky/C_Sky_Zenith_Color.uasset" 484
"../../../Engine/Content/EngineSky/M_Sky_Panning_Clouds2.uasset" 485
"../../../Engine/Content/EngineSky/T_Sky_Blue.uasset" 486
"../../../Engine/Content/EngineSky/T_Sky_Clouds_M.uasset" 487
"../../../Engine/Content/EngineSky/T_Sky_Stars.uasset" 488
"../../../Engine/Content/EngineSky/SM_SkySphere.uasset" 489
"../../../../../../Users/firei_000/Documents/Unreal Projects/BtoomGit/Content/StarterContent/Materials/M_Tech_Hex_Tile_Pulse.uasset" 490
"../../../../../../Users/firei_000/Documents/Unreal Projects/BtoomGit/Content/StarterContent/Textures/T_MacroVariation.uasset" 491
"../../../../../../Users/firei_000/Documents/Unreal Projects/BtoomGit/Content/StarterContent/Textures/T_Tech_Hex_Tile_M.uasset" 492
"../../../../../../Users/firei_000/Documents/Unreal Projects/BtoomGit/Content/StarterContent/Textures/T_Tech_Hex_Tile_N.uasset" 493
"../../../../../../Users/firei_000/Documents/Unreal Projects/BtoomGit/Content/StarterContent/Materials/M_Tech_Panel.uasset" 494
"../../../../../../Users/firei_000/Documents/Unreal Projects/BtoomGit/Content/StarterContent/Textures/T_Metal_Steel_D.uasset" 495
"../../../../../../Users/firei_000/Documents/Unreal Projects/BtoomGit/Content/StarterContent/Textures/T_Tech_Panel_M.uasset" 496
"../../../../../../Users/firei_000/Documents/Unreal Projects/BtoomGit/Content/StarterContent/Textures/T_Tech_Panel_N.uasset" 497
"../../../Engine/Content/MapTemplates/Bokeh_5Sides.uasset" 498
"../../../Engine/Content/MapTemplates/T_ScreenDirt02_w.uasset" 499
"../../../../../../Users/firei_000/Documents/Unreal Projects/BtoomGit/Content/Btoom/Meshes/cube.uasset" 500
"../../../../../../Users/firei_000/Documents/Unreal Projects/BtoomGit/Content/Btoom/Meshes/CubeMesh.uasset" 501
"../../../../../../Users/firei_000/Documents/Unreal Projects/BtoomGit/Content/Btoom/Meshes/CubeMaterial.uasset" 502
"C:/Users/firei_000/AppData/Local/UnrealEngine/Common/DerivedDataCache/0/8/2/TEXTURE_75F87CE100B546AAB8A1C4132AF9DB17_AUTODXT_D7A6DDC4465E336EBB5A2BAB3BE38__B4AF47D450F330B9D86734C189CDCDF596F27245.udd" 503
"C:/Users/firei_000/AppData/Local/UnrealEngine/Common/DerivedDataCache/8/8/4/TEXTURE_75F87CE100B546AAB8A1C4132AF9DB17_AUTODXT_D7A6DDC4465E336EBB5A2BAB3BE38__7EBEF48E180B68C8573D66EEC7AE897D2679152F.udd" 504
"C:/Users/firei_000/AppData/Local/UnrealEngine/Common/DerivedDataCache/9/0/0/TEXTURE_75F87CE100B546AAB8A1C4132AF9DB17_AUTODXT_D7A6DDC4465E336EBB5A2BAB3BE38__2D4DDDC43754181131022109CCB14356981CDB43.udd" 505
"C:/Users/firei_000/AppData/Local/UnrealEngine/Common/DerivedDataCache/3/4/7/TEXTURE_75F87CE100B546AAB8A1C4132AF9DB17_AUTODXT_52C559804A172AC7913EED8787200__0A41B124325EFFBB8BD559E947BEB9129A889CDD.udd" 506
"C:/Users/firei_000/AppData/Local/UnrealEngine/Common/DerivedDataCache/7/9/6/TEXTURE_75F87CE100B546AAB8A1C4132AF9DB17_AUTODXT_D7A6DDC4465E336EBB5A2BAB3BE38__9270DD4EB26431E3021B67EFA2A366151DF7AB43.udd" 507
"C:/Users/firei_000/AppData/Local/UnrealEngine/Common/DerivedDataCache/6/0/1/TEXTURE_75F87CE100B546AAB8A1C4132AF9DB17_AUTODXT_52C559804A172AC7913EED8787200__2DE4AF1F5E4B8D52E1424E7C267D08CB8AB51C5E.udd" 508
"C:/Users/firei_000/AppData/Local/UnrealEngine/Common/DerivedDataCache/9/3/2/TEXTURE_75F87CE100B546AAB8A1C4132AF9DB17_AUTODXT_97249D8545D6A9D5DE2E3282FC7D3__BEEDCF3914C62E6C8527D2267621241247822A81.udd" 509
"C:/Users/firei_000/AppData/Local/UnrealEngine/Common/DerivedDataCache/4/4/9/TEXTURE_75F87CE100B546AAB8A1C4132AF9DB17_AUTODXT_52C559804A172AC7913EED8787200__AE27EA37152A551311A619B1B95F64F7608D7264.udd" 510
"C:/Users/firei_000/AppData/Local/UnrealEngine/Common/DerivedDataCache/4/0/1/TEXTURE_75F87CE100B546AAB8A1C4132AF9DB17_AUTODXT_97249D8545D6A9D5DE2E3282FC7D3__C39C9CE63C80E4F78D0BE972669AA9648284130D.udd" 511
"C:/Users/firei_000/AppData/Local/UnrealEngine/Common/DerivedDataCache/9/8/6/TEXTURE_75F87CE100B546AAB8A1C4132AF9DB17_AUTODXT_52C559804A172AC7913EED8787200__8796B0CE51D0A9BCB8AB28BEE9C06C194FCF4D4D.udd" 512
"C:/Users/firei_000/AppData/Local/UnrealEngine/Common/DerivedDataCache/1/6/9/TEXTURE_75F87CE100B546AAB8A1C4132AF9DB17_AUTODXT_52C559804A172AC7913EED8787200__46FFB9362D691C8B4CE69740EA2CD7D0147AD51A.udd" 513
"C:/Users/firei_000/AppData/Local/UnrealEngine/Common/DerivedDataCache/3/1/9/TEXTURE_75F87CE100B546AAB8A1C4132AF9DB17_AUTODXT_52C559804A172AC7913EED8787200__2F833E025CCA550F172FCB98D6FF432E5F03B701.udd" 514
"C:/Users/firei_000/AppData/Local/UnrealEngine/Common/DerivedDataCache/6/9/1/TEXTURE_75F87CE100B546AAB8A1C4132AF9DB17_AUTODXT_97249D8545D6A9D5DE2E3282FC7D3__DD1D3A6E7845DF850B6D3DB88AEC86E525AFF76D.udd" 515
"C:/Users/firei_000/AppData/Local/UnrealEngine/Common/DerivedDataCache/5/1/8/TEXTURE_75F87CE100B546AAB8A1C4132AF9DB17_AUTODXT_97249D8545D6A9D5DE2E3282FC7D3__36A1F6C62E454F2D2A1738B169004ADE5AE1B91E.udd" 516
"C:/Users/firei_000/AppData/Local/UnrealEngine/Common/DerivedDataCache/8/8/8/TEXTURE_75F87CE100B546AAB8A1C4132AF9DB17_AUTODXT_97249D8545D6A9D5DE2E3282FC7D3__E0D64DEDDB883F01B4CD630B6C0B16DF0B4FB923.udd" 517
"C:/Users/firei_000/AppData/Local/UnrealEngine/Common/DerivedDataCache/0/4/5/TEXTURE_75F87CE100B546AAB8A1C4132AF9DB17_AUTODXT_97249D8545D6A9D5DE2E3282FC7D3__C824708489C937CD0B8A81805A9EAFBFEA5E02DF.udd" 518
"C:/Users/firei_000/AppData/Local/UnrealEngine/Common/DerivedDataCache/9/2/3/TEXTURE_75F87CE100B546AAB8A1C4132AF9DB17_AUTODXT_2DEEED3A4E121199FCA258B4EACBA__40434CB2334E56D9095CF59E3B23EC69BEBF9087.udd" 519
"C:/Users/firei_000/AppData/Local/UnrealEngine/Common/DerivedDataCache/0/5/6/TEXTURE_75F87CE100B546AAB8A1C4132AF9DB17_DXT1_9810C9B04F44DB14F64A60AB95E43DF4__E4FEAD2D514D0D212574C30698D1EFB26B1546B3.udd" 520
"C:/Users/firei_000/AppData/Local/UnrealEngine/Common/DerivedDataCache/6/0/0/TEXTURE_75F87CE100B546AAB8A1C4132AF9DB17_DXT1_9810C9B04F44DB14F64A60AB95E43DF4__4648E656C562CC13FAA3CEDF1902EE8162E7D364.udd" 521
"C:/Users/firei_000/AppData/Local/UnrealEngine/Common/DerivedDataCache/5/5/3/TEXTURE_75F87CE100B546AAB8A1C4132AF9DB17_AUTODXT_2DEEED3A4E121199FCA258B4EACBA__70C3D5D2A3AC995D3184E865B19BA8B8D7119E85.udd" 522
"C:/Users/firei_000/AppData/Local/UnrealEngine/Common/DerivedDataCache/0/3/9/TEXTURE_75F87CE100B546AAB8A1C4132AF9DB17_AUTODXT_2DEEED3A4E121199FCA258B4EACBA__E7743BEEE7DD53821C1BEBBEADFB63D29A3C696A.udd" 523
"C:/Users/firei_000/AppData/Local/UnrealEngine/Common/DerivedDataCache/8/2/5/TEXTURE_75F87CE100B546AAB8A1C4132AF9DB17_DXT1_9810C9B04F44DB14F64A60AB95E43DF4__F52503F4DEA0C688461D0BBF5A5E907B17FD7F88.udd" 524
"C:/Users/firei_000/AppData/Local/UnrealEngine/Common/DerivedDataCache/0/0/2/TEXTURE_75F87CE100B546AAB8A1C4132AF9DB17_DXT1_9810C9B04F44DB14F64A60AB95E43DF4__B467E36D79F10D9DF74BFB883AC1F7E9F308988F.udd" 525
"C:/Users/firei_000/AppData/Local/UnrealEngine/Common/DerivedDataCache/3/2/3/TEXTURE_75F87CE100B546AAB8A1C4132AF9DB17_AUTODXT_3C7AE8D247CC373876862D89197DB__A14A6FBA7DD3F7C3FBB9E91553C4B7371F98CBD5.udd" 526
"C:/Users/firei_000/AppData/Local/UnrealEngine/Common/DerivedDataCache/9/2/8/TEXTURE_75F87CE100B546AAB8A1C4132AF9DB17_AUTODXT_3C7AE8D247CC373876862D89197DB__16349644F7E4A7BE4ACEE1769194CC0DC3A066C0.udd" 527
"C:/Users/firei_000/AppData/Local/UnrealEngine/Common/DerivedDataCache/0/1/2/MATSM_85DD00DAF10D45C79D4ED0306AF2628B_PCD3D_SM5_2__BC5N_DEV_SL_NODBUF327F3EDB__5A73017737A161E7587066E955D772031C69BBE9.udd" 528
"C:/Users/firei_000/AppData/Local/UnrealEngine/Common/DerivedDataCache/0/1/0/TEXTURE_75F87CE100B546AAB8A1C4132AF9DB17_AUTODXT_3C7AE8D247CC373876862D89197DB__85A7CE6F51B52953BAC8B43682EDFD5D660DEF4D.udd" 529
"C:/Users/firei_000/AppData/Local/UnrealEngine/Common/DerivedDataCache/4/2/1/TEXTURE_75F87CE100B546AAB8A1C4132AF9DB17_AUTODXT_3C7AE8D247CC373876862D89197DB__50C633B5258E56FC2F213908C7A98A62098A3466.udd" 530
"C:/Users/firei_000/AppData/Local/UnrealEngine/Common/DerivedDataCache/1/0/6/TEXTURE_75F87CE100B546AAB8A1C4132AF9DB17_AUTODXT_3C7AE8D247CC373876862D89197DB__A4E2AE944E36E39BFF6510ED9B152CA021290A33.udd" 531
"C:/Users/firei_000/AppData/Local/UnrealEngine/Common/DerivedDataCache/2/5/1/MATSM_85DD00DAF10D45C79D4ED0306AF2628B_PCD3D_SM4_2__BC5N_DEV_SL_NODBUF327F3EDB__233265F46FF18661182EC26AA6ED148AD460DE89.udd" 532
"C:/Users/firei_000/AppData/Local/UnrealEngine/Common/DerivedDataCache/4/6/5/TEXTURE_75F87CE100B546AAB8A1C4132AF9DB17_BC5_B50C4E4947C56561FEEAC1B72FB696F5___C5B925583CF45E5103F0E9C038FF2C3E77A4C0FB.udd" 533
"C:/Users/firei_000/AppData/Local/UnrealEngine/Common/DerivedDataCache/4/3/0/TEXTURE_75F87CE100B546AAB8A1C4132AF9DB17_BC5_B50C4E4947C56561FEEAC1B72FB696F5___28B673889575AD873D530F00C0F758F058DA0880.udd" 534
"C:/Users/firei_000/AppData/Local/UnrealEngine/Common/DerivedDataCache/3/1/3/TEXTURE_75F87CE100B546AAB8A1C4132AF9DB17_BC5_B50C4E4947C56561FEEAC1B72FB696F5___B3D29EC8D019BE9A8054CB6077980A7B07B59C9F.udd" 535
"C:/Users/firei_000/AppData/Local/UnrealEngine/Common/DerivedDataCache/0/5/5/TEXTURE_75F87CE100B546AAB8A1C4132AF9DB17_BC5_B50C4E4947C56561FEEAC1B72FB696F5___D63B960EB133617BC10C416331FDC33F736919D5.udd" 536
"C:/Users/firei_000/AppData/Local/UnrealEngine/Common/DerivedDataCache/0/2/4/TEXTURE_75F87CE100B546AAB8A1C4132AF9DB17_BC5_B50C4E4947C56561FEEAC1B72FB696F5___83F98BB4CC04CA257E673CA83DC9AD3EFA1195A0.udd" 537
"C:/Users/firei_000/AppData/Local/UnrealEngine/Common/DerivedDataCache/4/2/9/TEXTURE_75F87CE100B546AAB8A1C4132AF9DB17_AUTODXT_6CDD9D884D56AF34B238E5AD628DA__FB5D2BC80EDCE3679C5209BF62010F75585BD703.udd" 538
"C:/Users/firei_000/AppData/Local/UnrealEngine/Common/DerivedDataCache/3/6/3/TEXTURE_75F87CE100B546AAB8A1C4132AF9DB17_AUTODXT_6CDD9D884D56AF34B238E5AD628DA__1C9DC02BC9591CE7E509803BF1D5AB8B7BC6D658.udd" 539
"C:/Users/firei_000/AppData/Local/UnrealEngine/Common/DerivedDataCache/0/1/9/PHYSX_$7B1F0627AE$2DABEB$2D4206$2D8D78$2DE16BEB5DDC7E$7D_PHYSXPC_890E85634807A__CA13636657256BB6D9CA2F677764BC0043E759F8.udd" 540
"C:/Users/firei_000/AppData/Local/UnrealEngine/Common/DerivedDataCache/9/5/2/AUDIO_0002_0000_OGG_0001_632D1B9A4FC93D9537554A9FD1692204.udd" 541
"C:/Users/firei_000/AppData/Local/UnrealEngine/Common/DerivedDataCache/5/3/7/AUDIO_0002_0000_OGG_0001_3A13E117419C5BE2FBFEC0BC0E80629E.udd" 542
"C:/Users/firei_000/AppData/Local/UnrealEngine/Common/DerivedDataCache/9/1/8/MATSM_85DD00DAF10D45C79D4ED0306AF2628B_PCD3D_SM5_2__BC5N_DEV_SL_NODBUF9C0B2ABD__6F00B8672F99BA009761516FA3AD1891EC7744BD.udd" 543
"C:/Users/firei_000/AppData/Local/UnrealEngine/Common/DerivedDataCache/6/9/7/MATSM_85DD00DAF10D45C79D4ED0306AF2628B_PCD3D_SM4_2__BC5N_DEV_SL_NODBUF9C0B2ABD__769DE4734952A8D9C2A84BCD74426BF2AA1A4D6F.udd" 544
"C:/Users/firei_000/AppData/Local/UnrealEngine/Common/DerivedDataCache/2/8/9/TEXTURE_75F87CE100B546AAB8A1C4132AF9DB17_AUTODXT_6CDD9D884D56AF34B238E5AD628DA__ED191EB973167C65F8AEF90864B6A6938A412519.udd" 545
"C:/Users/firei_000/AppData/Local/UnrealEngine/Common/DerivedDataCache/5/9/2/MATSM_85DD00DAF10D45C79D4ED0306AF2628B_PCD3D_SM5_2__BC5N_DEV_SL_NODBUF9DB0F8CB__85ABBADE971CAC96EBC5D189EA3C28868856188A.udd" 546
"C:/Users/firei_000/AppData/Local/UnrealEngine/Common/DerivedDataCache/9/2/7/TEXTURE_75F87CE100B546AAB8A1C4132AF9DB17_BC5_611C584841F8445FD1B6728D5900024A___2D47DBBE44B9FD03DFD8BC9AF131FE16DB2DBC5B.udd" 547
"C:/Users/firei_000/AppData/Local/UnrealEngine/Common/DerivedDataCache/3/1/4/TEXTURE_75F87CE100B546AAB8A1C4132AF9DB17_BC5_611C584841F8445FD1B6728D5900024A___69944403A7EC6983C26A180D8D92A9A36A9B0B92.udd" 548
"C:/Users/firei_000/AppData/Local/UnrealEngine/Common/DerivedDataCache/4/9/8/TEXTURE_75F87CE100B546AAB8A1C4132AF9DB17_AUTODXT_6CDD9D884D56AF34B238E5AD628DA__334773B7061A7E985B4437C245E64AD59496C24B.udd" 549
"C:/Users/firei_000/AppData/Local/UnrealEngine/Common/DerivedDataCache/1/3/9/MATSM_85DD00DAF10D45C79D4ED0306AF2628B_PCD3D_SM4_2__BC5N_DEV_SL_NODBUF9DB0F8CB__831A9C137FCFA2BFAF69C171088835588FBC2CEB.udd" 550
"C:/Users/firei_000/AppData/Local/UnrealEngine/Common/DerivedDataCache/6/2/9/TEXTURE_75F87CE100B546AAB8A1C4132AF9DB17_AUTODXT_6CDD9D884D56AF34B238E5AD628DA__AF08D099397F35652A8B57BCC6A6E28FDD508A85.udd" 551
"C:/Users/firei_000/AppData/Local/UnrealEngine/Common/DerivedDataCache/4/1/4/TEXTURE_75F87CE100B546AAB8A1C4132AF9DB17_AUTODXT_6CDD9D884D56AF34B238E5AD628DA__493FD937FEFB840C1B5E54C97E83AE60FDBE4CB9.udd" 552
"C:/Users/firei_000/AppData/Local/UnrealEngine/Common/DerivedDataCache/1/6/9/TEXTURE_75F87CE100B546AAB8A1C4132AF9DB17_AUTODXT_1814D38D4CD8F62AFB8DD39826391__14DA6FEC5FB9992C6DBACC91C5BA9A2050EE271D.udd" 553
"C:/Users/firei_000/AppData/Local/UnrealEngine/Common/DerivedDataCache/7/5/4/TEXTURE_75F87CE100B546AAB8A1C4132AF9DB17_AUTODXT_1814D38D4CD8F62AFB8DD39826391__ABDA7CF006A9393F472927A9363D366C6F516BD5.udd" 554
"C:/Users/firei_000/AppData/Local/UnrealEngine/Common/DerivedDataCache/3/0/3/MATSM_85DD00DAF10D45C79D4ED0306AF2628B_PCD3D_SM5_2__BC5N_DEV_SL_NODBUF9DEDDE0C__04A8E4C77182D053572B5D282FCD04AB4A134AA9.udd" 555
"C:/Users/firei_000/AppData/Local/UnrealEngine/Common/DerivedDataCache/1/3/9/MATSM_85DD00DAF10D45C79D4ED0306AF2628B_PCD3D_SM4_2__BC5N_DEV_SL_NODBUF9DEDDE0C__30D2A1659753D8EC1052F6DF61B60FE317EB4B6D.udd" 556
"C:/Users/firei_000/AppData/Local/UnrealEngine/Common/DerivedDataCache/2/8/3/TEXTURE_75F87CE100B546AAB8A1C4132AF9DB17_AUTODXT_1814D38D4CD8F62AFB8DD39826391__713EDC281CB6BE78BDF4F9798212C2B0AE6A41F7.udd" 557
"C:/Users/firei_000/AppData/Local/UnrealEngine/Common/DerivedDataCache/6/6/9/TEXTURE_75F87CE100B546AAB8A1C4132AF9DB17_AUTODXT_1814D38D4CD8F62AFB8DD39826391__EE9570FD55AA5549334279E49A3EE5BF561C642C.udd" 558
"C:/Users/firei_000/AppData/Local/UnrealEngine/Common/DerivedDataCache/4/4/9/MATSM_85DD00DAF10D45C79D4ED0306AF2628B_PCD3D_SM5_2__BC5N_DEV_SL_NODBUF16B8265F__8B2165E6946D8D0B3820A5E84198712ECBACA5BE.udd" 559
"C:/Users/firei_000/AppData/Local/UnrealEngine/Common/DerivedDataCache/1/2/9/TEXTURE_75F87CE100B546AAB8A1C4132AF9DB17_AUTODXT_1814D38D4CD8F62AFB8DD39826391__3CFCCC9FBEE17334A0329EF7D2DA2CEEFBA0BDB3.udd" 560
"C:/Users/firei_000/AppData/Local/UnrealEngine/Common/DerivedDataCache/7/2/9/TEXTURE_75F87CE100B546AAB8A1C4132AF9DB17_BC5_611C584841F8445FD1B6728D5900024A___AAE640FCCC07FB85482600F7F1C8B22D8B381F59.udd" 561
"C:/Users/firei_000/AppData/Local/UnrealEngine/Common/DerivedDataCache/6/1/0/TEXTURE_75F87CE100B546AAB8A1C4132AF9DB17_AUTODXT_1814D38D4CD8F62AFB8DD39826391__0350855D95D75D2B3B09CFE6AD4EEFD92A604787.udd" 562
"C:/Users/firei_000/AppData/Local/UnrealEngine/Common/DerivedDataCache/2/9/1/TEXTURE_75F87CE100B546AAB8A1C4132AF9DB17_AUTODXT_26ADCB3E4DAAB4BFF1485BACB7652__400CFEE6B8A44669617EC203F9AC0D886E6D8C8D.udd" 563
"C:/Users/firei_000/AppData/Local/UnrealEngine/Common/DerivedDataCache/0/3/1/TEXTURE_75F87CE100B546AAB8A1C4132AF9DB17_DXT1_C91DC84A433A35D90860C292AF418600__C94A9DAB229EFD432ACD830EE9E4B871811AA1ED.udd" 564
"C:/Users/firei_000/AppData/Local/UnrealEngine/Common/DerivedDataCache/9/6/1/TEXTURE_75F87CE100B546AAB8A1C4132AF9DB17_BGRA8_37EAE6544CEDB3763F5E6DA5FADD80D__9104DAFF049AEF9ACE8273E916333A7BB7C038E2.udd" 565
"C:/Users/firei_000/AppData/Local/UnrealEngine/Common/DerivedDataCache/8/7/5/TEXTURE_75F87CE100B546AAB8A1C4132AF9DB17_BC5_611C584841F8445FD1B6728D5900024A___75D9B5E85C1B0E642E898963F322A7FD46BAA7E0.udd" 566
"C:/Users/firei_000/AppData/Local/UnrealEngine/Common/DerivedDataCache/9/3/9/TEXTURE_75F87CE100B546AAB8A1C4132AF9DB17_BC5_611C584841F8445FD1B6728D5900024A___4630B162EBFFFFF28B82436EC5DEBA4D731208C3.udd" 567
"C:/Users/firei_000/AppData/Local/UnrealEngine/Common/DerivedDataCache/9/7/2/TEXTURE_75F87CE100B546AAB8A1C4132AF9DB17_BC5_611C584841F8445FD1B6728D5900024A___B3771BEE2442FF128B3AD80BC530EDC2AEFC9548.udd" 568
"C:/Users/firei_000/AppData/Local/UnrealEngine/Common/DerivedDataCache/1/4/0/MATSM_85DD00DAF10D45C79D4ED0306AF2628B_PCD3D_SM4_2__BC5N_DEV_SL_NODBUF16B8265F__F1185B64D88D6D77E0D1BE4B3810BC7B792FD75F.udd" 569
"C:/Users/firei_000/AppData/Local/UnrealEngine/Common/DerivedDataCache/7/8/8/MATSM_85DD00DAF10D45C79D4ED0306AF2628B_PCD3D_SM5_2__BC5N_DEV_SL_NODBUF98232BD9__18FCC7BEFC058F3FE56A01C93DCA085181FD2547.udd" 570
"C:/Users/firei_000/AppData/Local/UnrealEngine/Common/DerivedDataCache/1/3/1/MATSM_85DD00DAF10D45C79D4ED0306AF2628B_PCD3D_SM4_2__BC5N_DEV_SL_NODBUF98232BD9__FA45E607D23E112A3C409E5DE9DB4E43C9AE0E8E.udd" 571
"C:/Users/firei_000/AppData/Local/UnrealEngine/Common/DerivedDataCache/2/3/1/PHYSX_$7B1F0627AE$2DABEB$2D4206$2D8D78$2DE16BEB5DDC7E$7D_PHYSXPC_925CE7804D916__AA3F90C3886D87A8565BD4D304524C4C18E53AAE.udd" 572
"C:/Users/firei_000/AppData/Local/UnrealEngine/Common/DerivedDataCache/3/4/3/MATSM_85DD00DAF10D45C79D4ED0306AF2628B_PCD3D_SM5_2__BC5N_DEV_SL_NODBUF2E32D0C8__AEE4EAD8C6CC81FB0DC98F51EECFC28B150A476A.udd" 573
"C:/Users/firei_000/AppData/Local/UnrealEngine/Common/DerivedDataCache/5/7/1/MATSM_85DD00DAF10D45C79D4ED0306AF2628B_PCD3D_SM4_2__BC5N_DEV_SL_NODBUF2E32D0C8__E586CE98D4CF756ECAD130B6744016F2056B0E9F.udd" 574
"C:/Users/firei_000/AppData/Local/UnrealEngine/Common/DerivedDataCache/9/5/5/MATSM_85DD00DAF10D45C79D4ED0306AF2628B_PCD3D_SM5_2__BC5N_DEV_SL_NODBUF3C4C75DE__CDCA95805EDA6C688689D540A2409C1243C8041E.udd" 575
"C:/Users/firei_000/AppData/Local/UnrealEngine/Common/DerivedDataCache/0/2/7/MATSM_85DD00DAF10D45C79D4ED0306AF2628B_PCD3D_SM4_2__BC5N_DEV_SL_NODBUF3C4C75DE__1C0427CCFCC248322C93B6F502A78D3725CB7E0F.udd" 576
"C:/Users/firei_000/AppData/Local/UnrealEngine/Common/DerivedDataCache/1/7/8/PHYSX_$7B1F0627AE$2DABEB$2D4206$2D8D78$2DE16BEB5DDC7E$7D_PHYSXPC_0D968962474D572AC5FBBF8C9F71B348__1_0_13075_0.udd" 577
"C:/Users/firei_000/AppData/Local/UnrealEngine/Common/DerivedDataCache/3/7/2/PHYSX_$7B1F0627AE$2DABEB$2D4206$2D8D78$2DE16BEB5DDC7E$7D_PHYSXPC_08E25A3340104C7FAA39979E29375761__1_0_13075_0.udd" 578
"C:/Users/firei_000/AppData/Local/UnrealEngine/Common/DerivedDataCache/9/4/6/REFL_ENC_96DFC022836B48889143E9DF484C3296_0F3882DA4997F38F16EEE18AEB5C902F.udd" 579
"../../../Engine/Content/EditorResources/EmptyActor.uasset" 580
"../../../../../../Users/firei_000/Documents/Unreal Projects/BtoomGit/Content/Btoom/Textures/FirstPersonCrosshair.uasset" 581
"C:/Users/firei_000/AppData/Local/UnrealEngine/Common/DerivedDataCache/2/9/8/TEXTURE_75F87CE100B546AAB8A1C4132AF9DB17_AUTODXT_711E4A25404E364CCD2EF7821FCAA__AB00C62DBBD25FEE48E4BA7DAFF82B97FEF7EB1A.udd" 582
"../../../../../../Users/firei_000/Documents/Unreal Projects/BtoomGit/Content/Btoom/Meshes/FirstPersonCube_Rounded.uasset" 583
"../../../../../../Users/firei_000/Documents/Unreal Projects/BtoomGit/Content/Btoom/Character/FirstPerson_ProjectileMesh.uasset" 584
"../../../../../../Users/firei_000/Documents/Unreal Projects/BtoomGit/Content/Btoom/Blueprints/FirstPersonHUD.uasset" 585
"../../../../../../Users/firei_000/Documents/Unreal Projects/BtoomGit/Content/Btoom/Blueprints/FirstPersonGameMode.uasset" 586
"../../../../../../Users/firei_000/Documents/Unreal Projects/BtoomGit/Content/Btoom/FirstPersonOverview.uasset" 587
